[0.745s] Invoking command in '/home/sori/mouse_detection_ws/src/detection_node': PYTHONPATH=/home/sori/mouse_detection_ws/build/detection_node/prefix_override:/usr/lib/python3/dist-packages/colcon_core/task/python/colcon_distutils_commands:/home/sori/mouse_detection_ws/install/detection_node/lib/python3.10/site-packages:${PYTHONPATH} /usr/bin/python3 -W ignore:setup.py install is deprecated -W ignore:easy_install command is deprecated setup.py egg_info --egg-base ../../build/detection_node build --build-base /home/sori/mouse_detection_ws/build/detection_node/build install --record /home/sori/mouse_detection_ws/build/detection_node/install.log --single-version-externally-managed
[0.935s] running egg_info
[0.935s] creating ../../build/detection_node/detection_node.egg-info
[0.935s] writing ../../build/detection_node/detection_node.egg-info/PKG-INFO
[0.935s] writing dependency_links to ../../build/detection_node/detection_node.egg-info/dependency_links.txt
[0.935s] writing entry points to ../../build/detection_node/detection_node.egg-info/entry_points.txt
[0.935s] writing requirements to ../../build/detection_node/detection_node.egg-info/requires.txt
[0.935s] writing top-level names to ../../build/detection_node/detection_node.egg-info/top_level.txt
[0.935s] writing manifest file '../../build/detection_node/detection_node.egg-info/SOURCES.txt'
[0.940s] reading manifest file '../../build/detection_node/detection_node.egg-info/SOURCES.txt'
[0.943s] writing manifest file '../../build/detection_node/detection_node.egg-info/SOURCES.txt'
[0.943s] running build
[0.943s] running build_py
[0.943s] creating /home/sori/mouse_detection_ws/build/detection_node/build
[0.943s] creating /home/sori/mouse_detection_ws/build/detection_node/build/lib
[0.943s] creating /home/sori/mouse_detection_ws/build/detection_node/build/lib/detection_node
[0.943s] copying detection_node/detection_node.py -> /home/sori/mouse_detection_ws/build/detection_node/build/lib/detection_node
[0.943s] copying detection_node/detection_node_previous.py -> /home/sori/mouse_detection_ws/build/detection_node/build/lib/detection_node
[0.945s] copying detection_node/__init__.py -> /home/sori/mouse_detection_ws/build/detection_node/build/lib/detection_node
[0.945s] copying detection_node/detection_node_v1.0.py -> /home/sori/mouse_detection_ws/build/detection_node/build/lib/detection_node
[0.950s] running install
[0.950s] running install_lib
[0.950s] creating /home/sori/mouse_detection_ws/install/detection_node/lib/python3.10/site-packages/detection_node
[0.950s] copying /home/sori/mouse_detection_ws/build/detection_node/build/lib/detection_node/detection_node.py -> /home/sori/mouse_detection_ws/install/detection_node/lib/python3.10/site-packages/detection_node
[0.950s] copying /home/sori/mouse_detection_ws/build/detection_node/build/lib/detection_node/detection_node_previous.py -> /home/sori/mouse_detection_ws/install/detection_node/lib/python3.10/site-packages/detection_node
[0.950s] copying /home/sori/mouse_detection_ws/build/detection_node/build/lib/detection_node/__init__.py -> /home/sori/mouse_detection_ws/install/detection_node/lib/python3.10/site-packages/detection_node
[0.950s] copying /home/sori/mouse_detection_ws/build/detection_node/build/lib/detection_node/detection_node_v1.0.py -> /home/sori/mouse_detection_ws/install/detection_node/lib/python3.10/site-packages/detection_node
[0.953s] byte-compiling /home/sori/mouse_detection_ws/install/detection_node/lib/python3.10/site-packages/detection_node/detection_node.py to detection_node.cpython-310.pyc
[0.953s] byte-compiling /home/sori/mouse_detection_ws/install/detection_node/lib/python3.10/site-packages/detection_node/detection_node_previous.py to detection_node_previous.cpython-310.pyc
[0.953s] byte-compiling /home/sori/mouse_detection_ws/install/detection_node/lib/python3.10/site-packages/detection_node/__init__.py to __init__.cpython-310.pyc
[0.953s] byte-compiling /home/sori/mouse_detection_ws/install/detection_node/lib/python3.10/site-packages/detection_node/detection_node_v1.0.py to detection_node_v1.0.cpython-310.pyc
[0.954s] running install_egg_info
[0.956s] Copying ../../build/detection_node/detection_node.egg-info to /home/sori/mouse_detection_ws/install/detection_node/lib/python3.10/site-packages/detection_node-0.0.0-py3.10.egg-info
[0.957s] running install_scripts
[0.976s] Installing detection_node script to /home/sori/mouse_detection_ws/install/detection_node/lib/detection_node
[0.976s] writing list of installed files to '/home/sori/mouse_detection_ws/build/detection_node/install.log'
[1.000s] Invoked command in '/home/sori/mouse_detection_ws/src/detection_node' returned '0': PYTHONPATH=/home/sori/mouse_detection_ws/build/detection_node/prefix_override:/usr/lib/python3/dist-packages/colcon_core/task/python/colcon_distutils_commands:/home/sori/mouse_detection_ws/install/detection_node/lib/python3.10/site-packages:${PYTHONPATH} /usr/bin/python3 -W ignore:setup.py install is deprecated -W ignore:easy_install command is deprecated setup.py egg_info --egg-base ../../build/detection_node build --build-base /home/sori/mouse_detection_ws/build/detection_node/build install --record /home/sori/mouse_detection_ws/build/detection_node/install.log --single-version-externally-managed
